Euclidian distance
==========================
------ Visited States ------
Position: (4, 0)
North side: 2
Facing side: 1 

Going  left
Position: (3, 0)
North side: 2
Facing side: 3 

Going  down
Position: (4, 1)
North side: 6
Facing side: 2 

Going  right
Position: (5, 0)
North side: 2
Facing side: 4 

Going  right
Position: (5, 1)
North side: 6
Facing side: 4 

Going  down
Position: (5, 1)
North side: 3
Facing side: 2 

Going  left
Position: (4, 1)
North side: 3
Facing side: 1 

Going  up
Position: (5, 0)
North side: 4
Facing side: 1 

Going  up
Position: (4, 0)
North side: 1
Facing side: 4 

Going  left
Position: (4, 0)
North side: 4
Facing side: 2 

Going  left
Position: (3, 0)
North side: 1
Facing side: 5 

Going  down
Position: (4, 2)
North side: 6
Facing side: 3 

Going  left
Position: (3, 2)
North side: 6
Facing side: 5 

Going  down
Position: (4, 1)
North side: 5
Facing side: 4 

Going  left
Position: (2, 2)
North side: 6
Facing side: 4 

Going  up
Position: (2, 1)
North side: 4
Facing side: 1 

Going  right
Position: (5, 0)
North side: 1
Facing side: 2 

Going  left
Position: (1, 1)
North side: 4
Facing side: 2 

Going  up
Position: (1, 0)
North side: 2
Facing side: 3 

Going  down
Position: (4, 2)
North side: 3
Facing side: 5 

Going  right
Position: (5, 1)
North side: 5
Facing side: 1 

Going  down
Position: (4, 3)
North side: 2
Facing side: 3 

Going  down
Position: (4, 4)
North side: 4
Facing side: 2 

Going  right
Position: (5, 3)
North side: 2
Facing side: 1 

Going  right
Position: (5, 4)
North side: 4
Facing side: 1 

Going  down
Position: (5, 4)
North side: 6
Facing side: 2 

Going  up
Position: (5, 3)
North side: 1
Facing side: 3 

Going  left
Position: (4, 4)
North side: 6
Facing side: 3 

Going  left
Position: (4, 3)
North side: 1
Facing side: 2 

Going  up
Position: (4, 3)
North side: 3
Facing side: 1 

Going  left
Position: (3, 3)
North side: 1
Facing side: 4 

Going  up
Position: (4, 2)
North side: 1
Facing side: 4 

Going  left
Position: (3, 3)
North side: 3
Facing side: 5 

Going  left
Position: (3, 2)
North side: 1
Facing side: 5 

Going  up
Position: (3, 2)
North side: 5
Facing side: 4 

Going  left
Position: (2, 3)
North side: 1
Facing side: 5 

Going  left
Position: (2, 2)
North side: 1
Facing side: 3 

Going  down
Position: (4, 4)
North side: 5
Facing side: 1 

Going  right
Position: (5, 3)
North side: 3
Facing side: 2 

Going  left
Position: (1, 3)
North side: 1
Facing side: 3 

Going  down
Position: (3, 3)
North side: 2
Facing side: 1 

Going  right
Position: (4, 2)
North side: 5
Facing side: 1 

Going  down
Position: (2, 4)
North side: 2
Facing side: 1 

Going  down
Position: (2, 3)
North side: 4
Facing side: 1 

Going  left
Position: (0, 3)
North side: 1
Facing side: 2 

Going  left
Position: (2, 3)
North side: 2
Facing side: 3 

Going  up
Position: (4, 1)
North side: 1
Facing side: 2 

Going  up
Position: (2, 2)
North side: 3
Facing side: 5 

Going  up
Position: (2, 1)
North side: 5
Facing side: 4 

Going  right
Position: (5, 4)
North side: 5
Facing side: 3 

Going  down
Position: (1, 4)
North side: 4
Facing side: 1 

Going  left
Position: (1, 4)
North side: 2
Facing side: 3 

Going  left
Position: (1, 3)
North side: 4
Facing side: 2 

Going  up
Position: (1, 3)
North side: 3
Facing side: 5 

Going  right
Position: (4, 3)
North side: 2
Facing side: 4 

Going  down
Position: (4, 3)
North side: 6
Facing side: 5 

Going  right
Position: (3, 3)
North side: 4
Facing side: 5 

Going  up
Position: (4, 2)
North side: 4
Facing side: 5 

Going  left
Position: (3, 3)
North side: 6
Facing side: 4 

Going  right
Position: (3, 2)
North side: 3
Facing side: 1 

Going  up
Position: (3, 2)
North side: 5
Facing side: 3 

Going  left
Position: (3, 2)
North side: 4
Facing side: 1 

Going  down
Position: (2, 4)
North side: 6
Facing side: 4 

Going  down
Position: (0, 4)
North side: 5
Facing side: 1 

Going  down
Position: (2, 4)
North side: 4
Facing side: 2 

Going  right
Position: (5, 1)
North side: 1
Facing side: 3 

Going  right
Position: (2, 4)
North side: 4
Facing side: 5 

Going  left
Position: (0, 4)
North side: 4
Facing side: 2 

Going  right
Position: (2, 3)
North side: 3
Facing side: 1 

Going  up
Position: (4, 1)
North side: 5
Facing side: 3 

Going  left
Position: (2, 3)
North side: 6
Facing side: 2 

Going  up
Position: (2, 3)
North side: 5
Facing side: 3 

Going  up
Position: (0, 3)
North side: 2
Facing side: 3 

Going  left
Position: (2, 2)
North side: 5
Facing side: 1 

Going  left
Position: (2, 2)
North side: 4
Facing side: 2 

Going  up
Position: (2, 2)
North side: 1
Facing side: 4 

Going  up
Position: (2, 2)
North side: 2
Facing side: 1 

Going  up
Position: (2, 2)
North side: 3
Facing side: 2 

Going  up
Position: (0, 2)
North side: 3
Facing side: 5 

Going  up
Position: (2, 1)
North side: 1
Facing side: 2 

Going  up
Position: (2, 1)
North side: 2
Facing side: 3 

Going  up
Position: (2, 1)
North side: 1
Facing side: 5 

Going  up
Position: (2, 1)
North side: 2
Facing side: 4 

Going  up
Position: (0, 1)
North side: 5
Facing side: 4 

Going  down
Position: (1, 4)
North side: 5
Facing side: 4 

Going  down
Position: (4, 4)
North side: 3
Facing side: 2 

Going  right
Position: (5, 3)
North side: 6
Facing side: 3 

Going  left
Position: (1, 4)
North side: 6
Facing side: 2 

Going  right
Position: (1, 4)
North side: 5
Facing side: 3 

Going  up
Position: (4, 0)
North side: 3
Facing side: 2 

Going  left
Position: (1, 3)
North side: 6
Facing side: 3 

Going  left
Position: (1, 3)
North side: 5
Facing side: 1 

Going  right
Position: (1, 3)
North side: 2
Facing side: 1 

Going  left
Position: (1, 1)
North side: 1
Facing side: 4 

Going  left
Position: (1, 1)
North side: 1
Facing side: 3 

Going  left
Position: (1, 1)
North side: 2
Facing side: 1 

Going  right
Position: (1, 1)
North side: 5
Facing side: 1 

Going  up
Position: (0, 0)
North side: 4
Facing side: 2 

Going  up
Position: (1, 3)
North side: 3
Facing side: 2 

Going  left
Position: (3, 0)
North side: 3
Facing side: 1 

Going  up
Position: (1, 0)
North side: 1
Facing side: 5 

Going  up
Position: (1, 0)
North side: 1
Facing side: 2 

Going  right
Position: (1, 0)
North side: 4
Facing side: 1 

------ Results ------
States generated:  128
States visited: 103

------ Solution ------
Starting at:
Position: (4, 0)
North side: 2
Facing side: 1 

Move down to:
Position: (4, 1)
North side: 6
Facing side: 2 

Move right to:
Position: (5, 1)
North side: 6
Facing side: 4 

Move up to:
Position: (5, 0)
North side: 4
Facing side: 1 

Move left to:
Position: (4, 0)
North side: 4
Facing side: 2 

Move down to:
Position: (4, 1)
North side: 5
Facing side: 4 

Move down to:
Position: (4, 2)
North side: 3
Facing side: 5 

Move down to:
Position: (4, 3)
North side: 2
Facing side: 3 

Move down to:
Position: (4, 4)
North side: 4
Facing side: 2 

Move right to:
Position: (5, 4)
North side: 4
Facing side: 1 

Move up to:
Position: (5, 3)
North side: 1
Facing side: 3 

Move left to:
Position: (4, 3)
North side: 1
Facing side: 2 

Move left to:
Position: (3, 3)
North side: 1
Facing side: 4 

Move left to:
Position: (2, 3)
North side: 1
Facing side: 5 

Move left to:
Position: (1, 3)
North side: 1
Facing side: 3 

Move down to:
Position: (1, 4)
North side: 4
Facing side: 1 

Move left to:
Position: (0, 4)
North side: 4
Facing side: 2 

Move up to:
Position: (0, 3)
North side: 2
Facing side: 3 

Move up to:
Position: (0, 2)
North side: 3
Facing side: 5 

Move up to:
Position: (0, 1)
North side: 5
Facing side: 4 

Move up to:
Position: (0, 0)
North side: 4
Facing side: 2 

Move right to:
Position: (1, 0)
North side: 4
Facing side: 1
Goal!

Manhattan distance
==========================
------ Visited States ------
Position: (4, 0)
North side: 2
Facing side: 1 

Going  left
Position: (3, 0)
North side: 2
Facing side: 3 

Going  down
Position: (4, 1)
North side: 6
Facing side: 2 

Going  right
Position: (5, 0)
North side: 2
Facing side: 4 

Going  right
Position: (5, 1)
North side: 6
Facing side: 4 

Going  down
Position: (5, 1)
North side: 3
Facing side: 2 

Going  up
Position: (5, 0)
North side: 4
Facing side: 1 

Going  left
Position: (4, 1)
North side: 3
Facing side: 1 

Going  left
Position: (4, 0)
North side: 4
Facing side: 2 

Going  up
Position: (4, 0)
North side: 1
Facing side: 4 

Going  left
Position: (3, 0)
North side: 1
Facing side: 5 

Going  down
Position: (4, 2)
North side: 6
Facing side: 3 

Going  down
Position: (4, 1)
North side: 5
Facing side: 4 

Going  right
Position: (5, 0)
North side: 1
Facing side: 2 

Going  left
Position: (3, 2)
North side: 6
Facing side: 5 

Going  left
Position: (2, 2)
North side: 6
Facing side: 4 

Going  up
Position: (2, 1)
North side: 4
Facing side: 1 

Going  left
Position: (1, 1)
North side: 4
Facing side: 2 

Going  up
Position: (1, 0)
North side: 2
Facing side: 3 

Going  down
Position: (4, 2)
North side: 3
Facing side: 5 

Going  right
Position: (5, 1)
North side: 5
Facing side: 1 

Going  down
Position: (4, 3)
North side: 2
Facing side: 3 

Going  down
Position: (4, 4)
North side: 4
Facing side: 2 

Going  right
Position: (5, 3)
North side: 2
Facing side: 1 

Going  right
Position: (5, 4)
North side: 4
Facing side: 1 

Going  down
Position: (5, 4)
North side: 6
Facing side: 2 

Going  up
Position: (5, 3)
North side: 1
Facing side: 3 

Going  left
Position: (4, 4)
North side: 6
Facing side: 3 

Going  left
Position: (4, 3)
North side: 1
Facing side: 2 

Going  up
Position: (4, 3)
North side: 3
Facing side: 1 

Going  left
Position: (3, 3)
North side: 1
Facing side: 4 

Going  up
Position: (4, 2)
North side: 1
Facing side: 4 

Going  left
Position: (3, 3)
North side: 3
Facing side: 5 

Going  left
Position: (2, 3)
North side: 1
Facing side: 5 

Going  left
Position: (3, 2)
North side: 1
Facing side: 5 

Going  up
Position: (3, 2)
North side: 5
Facing side: 4 

Going  left
Position: (1, 3)
North side: 1
Facing side: 3 

Going  left
Position: (2, 2)
North side: 1
Facing side: 3 

Going  down
Position: (4, 4)
North side: 5
Facing side: 1 

Going  right
Position: (5, 3)
North side: 3
Facing side: 2 

Going  down
Position: (2, 4)
North side: 2
Facing side: 1 

Going  down
Position: (3, 3)
North side: 2
Facing side: 1 

Going  right
Position: (4, 2)
North side: 5
Facing side: 1 

Going  down
Position: (1, 4)
North side: 4
Facing side: 1 

Going  left
Position: (0, 3)
North side: 1
Facing side: 2 

Going  down
Position: (2, 3)
North side: 4
Facing side: 1 

Going  left
Position: (1, 4)
North side: 2
Facing side: 3 

Going  left
Position: (2, 3)
North side: 2
Facing side: 3 

Going  up
Position: (4, 1)
North side: 1
Facing side: 2 

Going  left
Position: (1, 3)
North side: 4
Facing side: 2 

Going  up
Position: (1, 3)
North side: 3
Facing side: 5 

Going  up
Position: (2, 2)
North side: 3
Facing side: 5 

Going  up
Position: (2, 1)
North side: 5
Facing side: 4 

Going  right
Position: (5, 4)
North side: 5
Facing side: 3 

Going  right
Position: (4, 3)
North side: 2
Facing side: 4 

Going  down
Position: (4, 3)
North side: 6
Facing side: 5 

Going  right
Position: (2, 4)
North side: 4
Facing side: 5 

Going  left
Position: (0, 4)
North side: 4
Facing side: 2 

Going  down
Position: (0, 4)
North side: 5
Facing side: 1 

Going  down
Position: (2, 4)
North side: 6
Facing side: 4 

Going  right
Position: (3, 3)
North side: 4
Facing side: 5 

Going  down
Position: (2, 4)
North side: 4
Facing side: 2 

Going  right
Position: (5, 1)
North side: 1
Facing side: 3 

Going  down
Position: (1, 4)
North side: 5
Facing side: 4 

Going  right
Position: (2, 3)
North side: 3
Facing side: 1 

Going  right
Position: (3, 2)
North side: 3
Facing side: 1 

Going  up
Position: (4, 2)
North side: 4
Facing side: 5 

Going  left
Position: (3, 3)
North side: 6
Facing side: 4 

Going  up
Position: (2, 3)
North side: 5
Facing side: 3 

Going  up
Position: (0, 3)
North side: 2
Facing side: 3 

Going  right
Position: (1, 4)
North side: 5
Facing side: 3 

Going  left
Position: (1, 4)
North side: 6
Facing side: 2 

Going  up
Position: (3, 2)
North side: 5
Facing side: 3 

Going  up
Position: (2, 2)
North side: 1
Facing side: 4 

Going  up
Position: (4, 1)
North side: 5
Facing side: 3 

Going  left
Position: (3, 2)
North side: 4
Facing side: 1 

Going  left
Position: (2, 3)
North side: 6
Facing side: 2 

Going  up
Position: (2, 2)
North side: 3
Facing side: 2 

Going  left
Position: (1, 3)
North side: 5
Facing side: 1 

Going  right
Position: (1, 3)
North side: 2
Facing side: 1 

Going  up
Position: (0, 2)
North side: 3
Facing side: 5 

Going  up
Position: (1, 3)
North side: 3
Facing side: 2 

Going  left
Position: (2, 2)
North side: 5
Facing side: 1 

Going  up
Position: (4, 0)
North side: 3
Facing side: 2 

Going  left
Position: (2, 2)
North side: 4
Facing side: 2 

Going  up
Position: (2, 2)
North side: 2
Facing side: 1 

Going  left
Position: (1, 3)
North side: 6
Facing side: 3 

Going  up
Position: (2, 1)
North side: 2
Facing side: 4 

Going  up
Position: (0, 1)
North side: 5
Facing side: 4 

Going  up
Position: (2, 1)
North side: 1
Facing side: 2 

Going  left
Position: (3, 0)
North side: 3
Facing side: 1 

Going  up
Position: (2, 1)
North side: 2
Facing side: 3 

Going  up
Position: (2, 1)
North side: 1
Facing side: 5 

Going  left
Position: (1, 1)
North side: 2
Facing side: 1 

Going  right
Position: (1, 1)
North side: 5
Facing side: 1 

Going  up
Position: (0, 0)
North side: 4
Facing side: 2 

Going  left
Position: (1, 1)
North side: 1
Facing side: 4 

Going  left
Position: (1, 1)
North side: 1
Facing side: 3 

Going  up
Position: (1, 0)
North side: 1
Facing side: 5 

Going  up
Position: (1, 0)
North side: 1
Facing side: 2 

Going  right
Position: (1, 0)
North side: 4
Facing side: 1 

------ Results ------
States generated:  128
States visited: 101

------ Solution ------
Starting at:
Position: (4, 0)
North side: 2
Facing side: 1 

Move down to:
Position: (4, 1)
North side: 6
Facing side: 2 

Move right to:
Position: (5, 1)
North side: 6
Facing side: 4 

Move up to:
Position: (5, 0)
North side: 4
Facing side: 1 

Move left to:
Position: (4, 0)
North side: 4
Facing side: 2 

Move down to:
Position: (4, 1)
North side: 5
Facing side: 4 

Move down to:
Position: (4, 2)
North side: 3
Facing side: 5 

Move down to:
Position: (4, 3)
North side: 2
Facing side: 3 

Move down to:
Position: (4, 4)
North side: 4
Facing side: 2 

Move right to:
Position: (5, 4)
North side: 4
Facing side: 1 

Move up to:
Position: (5, 3)
North side: 1
Facing side: 3 

Move left to:
Position: (4, 3)
North side: 1
Facing side: 2 

Move left to:
Position: (3, 3)
North side: 1
Facing side: 4 

Move left to:
Position: (2, 3)
North side: 1
Facing side: 5 

Move left to:
Position: (1, 3)
North side: 1
Facing side: 3 

Move down to:
Position: (1, 4)
North side: 4
Facing side: 1 

Move left to:
Position: (0, 4)
North side: 4
Facing side: 2 

Move up to:
Position: (0, 3)
North side: 2
Facing side: 3 

Move up to:
Position: (0, 2)
North side: 3
Facing side: 5 

Move up to:
Position: (0, 1)
North side: 5
Facing side: 4 

Move up to:
Position: (0, 0)
North side: 4
Facing side: 2 

Move right to:
Position: (1, 0)
North side: 4
Facing side: 1
Goal!

Die roll distance
==========================
------ Visited States ------
Position: (4, 0)
North side: 2
Facing side: 1 

Going  left
Position: (3, 0)
North side: 2
Facing side: 3 

Going  down
Position: (4, 1)
North side: 6
Facing side: 2 

Going  right
Position: (5, 0)
North side: 2
Facing side: 4 

Going  right
Position: (5, 1)
North side: 6
Facing side: 4 

Going  down
Position: (5, 1)
North side: 3
Facing side: 2 

Going  up
Position: (5, 0)
North side: 4
Facing side: 1 

Going  left
Position: (4, 0)
North side: 4
Facing side: 2 

Going  down
Position: (4, 1)
North side: 5
Facing side: 4 

Going  left
Position: (4, 1)
North side: 3
Facing side: 1 

Going  up
Position: (4, 0)
North side: 1
Facing side: 4 

Going  left
Position: (3, 0)
North side: 1
Facing side: 5 

Going  right
Position: (5, 0)
North side: 1
Facing side: 2 

Going  down
Position: (4, 2)
North side: 6
Facing side: 3 

Going  left
Position: (3, 2)
North side: 6
Facing side: 5 

Going  left
Position: (2, 2)
North side: 6
Facing side: 4 

Going  down
Position: (4, 2)
North side: 3
Facing side: 5 

Going  up
Position: (2, 1)
North side: 4
Facing side: 1 

Going  left
Position: (1, 1)
North side: 4
Facing side: 2 

Going  up
Position: (1, 0)
North side: 2
Facing side: 3 

Going  right
Position: (5, 1)
North side: 5
Facing side: 1 

Going  down
Position: (4, 3)
North side: 2
Facing side: 3 

Going  down
Position: (4, 4)
North side: 4
Facing side: 2 

Going  right
Position: (5, 3)
North side: 2
Facing side: 1 

Going  down
Position: (5, 4)
North side: 6
Facing side: 2 

Going  left
Position: (4, 4)
North side: 6
Facing side: 3 

Going  right
Position: (5, 4)
North side: 4
Facing side: 1 

Going  up
Position: (5, 3)
North side: 1
Facing side: 3 

Going  left
Position: (4, 3)
North side: 1
Facing side: 2 

Going  left
Position: (3, 3)
North side: 1
Facing side: 4 

Going  left
Position: (2, 3)
North side: 1
Facing side: 5 

Going  left
Position: (1, 3)
North side: 1
Facing side: 3 

Going  left
Position: (0, 3)
North side: 1
Facing side: 2 

Going  up
Position: (4, 3)
North side: 3
Facing side: 1 

Going  up
Position: (4, 2)
North side: 1
Facing side: 4 

Going  left
Position: (3, 3)
North side: 3
Facing side: 5 

Going  left
Position: (3, 2)
North side: 1
Facing side: 5 

Going  left
Position: (2, 2)
North side: 1
Facing side: 3 

Going  up
Position: (3, 2)
North side: 5
Facing side: 4 

Going  down
Position: (1, 4)
North side: 4
Facing side: 1 

Going  right
Position: (5, 3)
North side: 3
Facing side: 2 

Going  right
Position: (2, 4)
North side: 4
Facing side: 5 

Going  left
Position: (0, 4)
North side: 4
Facing side: 2 

Going  up
Position: (2, 3)
North side: 5
Facing side: 3 

Going  up
Position: (0, 3)
North side: 2
Facing side: 3 

Going  up
Position: (2, 2)
North side: 3
Facing side: 2 

Going  up
Position: (0, 2)
North side: 3
Facing side: 5 

Going  up
Position: (2, 1)
North side: 2
Facing side: 4 

Going  up
Position: (0, 1)
North side: 5
Facing side: 4 

Going  up
Position: (0, 0)
North side: 4
Facing side: 2 

Going  right
Position: (1, 0)
North side: 4
Facing side: 1 

------ Results ------
States generated:  63
States visited: 51

------ Solution ------
Starting at:
Position: (4, 0)
North side: 2
Facing side: 1 

Move down to:
Position: (4, 1)
North side: 6
Facing side: 2 

Move right to:
Position: (5, 1)
North side: 6
Facing side: 4 

Move up to:
Position: (5, 0)
North side: 4
Facing side: 1 

Move left to:
Position: (4, 0)
North side: 4
Facing side: 2 

Move down to:
Position: (4, 1)
North side: 5
Facing side: 4 

Move down to:
Position: (4, 2)
North side: 3
Facing side: 5 

Move down to:
Position: (4, 3)
North side: 2
Facing side: 3 

Move down to:
Position: (4, 4)
North side: 4
Facing side: 2 

Move right to:
Position: (5, 4)
North side: 4
Facing side: 1 

Move up to:
Position: (5, 3)
North side: 1
Facing side: 3 

Move left to:
Position: (4, 3)
North side: 1
Facing side: 2 

Move left to:
Position: (3, 3)
North side: 1
Facing side: 4 

Move left to:
Position: (2, 3)
North side: 1
Facing side: 5 

Move left to:
Position: (1, 3)
North side: 1
Facing side: 3 

Move down to:
Position: (1, 4)
North side: 4
Facing side: 1 

Move left to:
Position: (0, 4)
North side: 4
Facing side: 2 

Move up to:
Position: (0, 3)
North side: 2
Facing side: 3 

Move up to:
Position: (0, 2)
North side: 3
Facing side: 5 

Move up to:
Position: (0, 1)
North side: 5
Facing side: 4 

Move up to:
Position: (0, 0)
North side: 4
Facing side: 2 

Move right to:
Position: (1, 0)
North side: 4
Facing side: 1
Goal!

