Euclidian distance
==========================
States generated:  7
States visited: 6

Starting at:
Position: (0, 0)
North side: 2
Facing side: 1 

Move down to:
Position: (0, 1)
North side: 6
Facing side: 2 

Move right to:
Position: (1, 1)
North side: 6
Facing side: 4 

Move up to:
Position: (1, 0)
North side: 4
Facing side: 1
Goal!

Manhattan distance
==========================
States generated:  7
States visited: 6

Starting at:
Position: (0, 0)
North side: 2
Facing side: 1 

Move down to:
Position: (0, 1)
North side: 6
Facing side: 2 

Move right to:
Position: (1, 1)
North side: 6
Facing side: 4 

Move up to:
Position: (1, 0)
North side: 4
Facing side: 1
Goal!

Die roll distance
==========================
States generated:  5
States visited: 4

Starting at:
Position: (0, 0)
North side: 2
Facing side: 1 

Move down to:
Position: (0, 1)
North side: 6
Facing side: 2 

Move right to:
Position: (1, 1)
North side: 6
Facing side: 4 

Move up to:
Position: (1, 0)
North side: 4
Facing side: 1
Goal!

